<?xml version="1.0" encoding="UTF-8"?>
<robot generator="Robot 6.1.1 (Python 3.11.4 on win32)" generated="20231205 16:20:37.110" rpa="false" schemaversion="4">
<suite id="s1" name="Login" source="d:\QASanber\Sanber51-mobileAutomation-Kelompok15\suites\login.robot">
<test id="s1-t1" name="Login Valid Credential" line="14">
<kw name="Open Flight Application" library="base" type="SETUP">
<kw name="Open Application" library="AppiumLibrary">
<arg>remote_url=${REMOTE_URL}</arg>
<arg>platformName=${PLATFORM_NAME}</arg>
<arg>platformVersion =${PLATFORM_VERSION}</arg>
<arg>deviceName=${DEVICE_NAME}</arg>
<arg>appPackage=${APP_PACKAGE}</arg>
<arg>appActivity=${APP_ACTIVITY}</arg>
<doc>Opens a new application to given Appium server.
Capabilities of appium server, Android and iOS,
Please check https://github.com/appium/appium/blob/master/docs/en/writing-running-appium/server-args.md
| *Option*            | *Man.* | *Description*     |
| remote_url          | Yes    | Appium server url |
| alias               | no     | alias             |
| strict_ssl          | No     | allows you to send commands to an invalid certificate host like a self-signed one. |</doc>
<status status="PASS" starttime="20231205 16:20:37.299" endtime="20231205 16:20:44.671"/>
</kw>
<status status="PASS" starttime="20231205 16:20:37.298" endtime="20231205 16:20:44.671"/>
</kw>
<kw name="Click Sign In Button on Home Page" library="homePage">
<kw name="Click Element" library="AppiumLibrary">
<arg>${sign-in-button}</arg>
<doc>Click element identified by `locator`.</doc>
<msg timestamp="20231205 16:20:44.673" level="INFO">Clicking element '//android.widget.Button[@resource-id="com.example.myapplication:id/login"]'.</msg>
<msg timestamp="20231205 16:20:45.611" level="INFO">xpath criteria: //android.widget.Button[@resource-id="com.example.myapplication:id/login"]</msg>
<status status="PASS" starttime="20231205 16:20:44.672" endtime="20231205 16:20:45.611"/>
</kw>
<status status="PASS" starttime="20231205 16:20:44.672" endtime="20231205 16:20:45.611"/>
</kw>
<kw name="Input Username on login Page" library="loginPage">
<arg>${VALID_USERNAME}</arg>
<kw name="Wait Until Element Is Visible" library="AppiumLibrary">
<arg>${username-input}</arg>
<doc>Waits until element specified with `locator` is visible.</doc>
<msg timestamp="20231205 16:20:46.293" level="INFO">xpath criteria: //android.widget.EditText[@resource-id="com.example.myapplication:id/username"]
xpath criteria: //android.widget.EditText[@resource-id="com.example.myapplication:id/username"]</msg>
<status status="PASS" starttime="20231205 16:20:45.614" endtime="20231205 16:20:46.294"/>
</kw>
<kw name="Input Text" library="AppiumLibrary">
<arg>${username-input}</arg>
<arg>${username}</arg>
<doc>Types the given `text` into text field identified by `locator`.</doc>
<msg timestamp="20231205 16:20:46.295" level="INFO">Typing text 'support@ngendigital.com' into text field '//android.widget.EditText[@resource-id="com.example.myapplication:id/username"]'</msg>
<msg timestamp="20231205 16:20:46.365" level="INFO">xpath criteria: //android.widget.EditText[@resource-id="com.example.myapplication:id/username"]</msg>
<status status="PASS" starttime="20231205 16:20:46.294" endtime="20231205 16:20:46.365"/>
</kw>
<status status="PASS" starttime="20231205 16:20:45.613" endtime="20231205 16:20:46.365"/>
</kw>
<kw name="Input Password on Login Page" library="loginPage">
<arg>${VALID_PASSWORD}</arg>
<kw name="Wait Until Element Is Visible" library="AppiumLibrary">
<arg>${password-input}</arg>
<doc>Waits until element specified with `locator` is visible.</doc>
<msg timestamp="20231205 16:20:46.908" level="INFO">xpath criteria: //android.widget.EditText[@resource-id="com.example.myapplication:id/password"]</msg>
<status status="PASS" starttime="20231205 16:20:46.366" endtime="20231205 16:20:46.908"/>
</kw>
<kw name="Input Text" library="AppiumLibrary">
<arg>${password-input}</arg>
<arg>${password}</arg>
<doc>Types the given `text` into text field identified by `locator`.</doc>
<msg timestamp="20231205 16:20:46.909" level="INFO">Typing text 'abc123' into text field '//android.widget.EditText[@resource-id="com.example.myapplication:id/password"]'</msg>
<msg timestamp="20231205 16:20:46.962" level="INFO">xpath criteria: //android.widget.EditText[@resource-id="com.example.myapplication:id/password"]</msg>
<status status="PASS" starttime="20231205 16:20:46.908" endtime="20231205 16:20:46.962"/>
</kw>
<status status="PASS" starttime="20231205 16:20:46.366" endtime="20231205 16:20:46.962"/>
</kw>
<kw name="Click Sign In Button on Login Page" library="loginPage">
<kw name="Click Element" library="AppiumLibrary">
<arg>${log-in-button}</arg>
<doc>Click element identified by `locator`.</doc>
<msg timestamp="20231205 16:20:46.964" level="INFO">Clicking element '//android.widget.Button[@resource-id="com.example.myapplication:id/signIn"]'.</msg>
<msg timestamp="20231205 16:20:47.499" level="INFO">xpath criteria: //android.widget.Button[@resource-id="com.example.myapplication:id/signIn"]</msg>
<status status="PASS" starttime="20231205 16:20:46.963" endtime="20231205 16:20:47.499"/>
</kw>
<status status="PASS" starttime="20231205 16:20:46.963" endtime="20231205 16:20:47.499"/>
</kw>
<kw name="Direct to Main Home Tab" library="loginPage">
<kw name="Wait Until Page Contains Element" library="AppiumLibrary">
<arg>${main-home-tab}</arg>
<doc>Waits until element specified with `locator` appears on current page.</doc>
<msg timestamp="20231205 16:20:48.107" level="INFO">xpath criteria: //android.widget.Button[@resource-id="com.example.myapplication:id/button6"]</msg>
<status status="PASS" starttime="20231205 16:20:47.500" endtime="20231205 16:20:48.108"/>
</kw>
<status status="PASS" starttime="20231205 16:20:47.499" endtime="20231205 16:20:48.108"/>
</kw>
<status status="PASS" starttime="20231205 16:20:37.298" endtime="20231205 16:20:48.108"/>
</test>
<status status="PASS" starttime="20231205 16:20:37.115" endtime="20231205 16:20:48.109"/>
</suite>
<statistics>
<total>
<stat pass="1" fail="0" skip="0">All Tests</stat>
</total>
<tag>
</tag>
<suite>
<stat pass="1" fail="0" skip="0" id="s1" name="Login">Login</stat>
</suite>
</statistics>
<errors>
</errors>
</robot>
